0 info it worked if it ends with ok
1 verbose cli [ 'node', '/Users/muchniki/homebrew/bin/npm', 'run', 'watch' ]
2 info using npm@2.3.0
3 info using node@v0.10.35
4 verbose node symlink /Users/muchniki/homebrew/bin/node
5 verbose run-script [ 'prewatch', 'watch', 'postwatch' ]
6 info prewatch reacttesting@0.0.0
7 info watch reacttesting@0.0.0
8 verbose unsafe-perm in lifecycle true
9 info reacttesting@0.0.0 Failed to exec watch script
10 verbose stack Error: reacttesting@0.0.0 watch: `gulp watch`
10 verbose stack Exit status 8
10 verbose stack     at EventEmitter.<anonymous> (/Users/muchniki/homebrew/lib/node_modules/npm/lib/utils/lifecycle.js:213:16)
10 verbose stack     at EventEmitter.emit (events.js:98:17)
10 verbose stack     at ChildProcess.<anonymous> (/Users/muchniki/homebrew/lib/node_modules/npm/lib/utils/spawn.js:14:12)
10 verbose stack     at ChildProcess.emit (events.js:98:17)
10 verbose stack     at maybeClose (child_process.js:766:16)
10 verbose stack     at Process.ChildProcess._handle.onexit (child_process.js:833:5)
11 verbose pkgid reacttesting@0.0.0
12 verbose cwd /Users/muchniki/dev/dev-dash/dash
13 error Darwin 14.0.0
14 error argv "node" "/Users/muchniki/homebrew/bin/npm" "run" "watch"
15 error node v0.10.35
16 error npm  v2.3.0
17 error code ELIFECYCLE
18 error reacttesting@0.0.0 watch: `gulp watch`
18 error Exit status 8
19 error Failed at the reacttesting@0.0.0 watch script 'gulp watch'.
19 error This is most likely a problem with the reacttesting package,
19 error not with npm itself.
19 error Tell the author that this fails on your system:
19 error     gulp watch
19 error You can get their info via:
19 error     npm owner ls reacttesting
19 error There is likely additional logging output above.
20 verbose exit [ 1, true ]
